<?xml version="1.0" encoding="UTF-8"?>
<testng-results ignored="0" total="1" passed="1" failed="0" skipped="0">
  <reporter-output>
  </reporter-output>
  <suite started-at="2022-09-18T15:15:39 IST" name="Default suite" finished-at="2022-09-18T15:15:50 IST" duration-ms="11595">
    <groups>
    </groups>
    <test started-at="2022-09-18T15:15:39 IST" name="Default test" finished-at="2022-09-18T15:15:50 IST" duration-ms="11595">
      <class name="org.rahulshettyacademy.ExtentReports.ExtentReportsDemo">
        <test-method is-config="true" signature="Config()[pri:0, instance:org.rahulshettyacademy.ExtentReports.ExtentReportsDemo@f5acb9d]" started-at="2022-09-18T15:15:39 IST" name="Config" finished-at="2022-09-18T15:15:39 IST" duration-ms="715" status="PASS">
          <reporter-output>
          </reporter-output>
        </test-method> <!-- Config -->
        <test-method signature="intialDemo()[pri:0, instance:org.rahulshettyacademy.ExtentReports.ExtentReportsDemo@f5acb9d]" started-at="2022-09-18T15:15:39 IST" name="intialDemo" finished-at="2022-09-18T15:15:50 IST" duration-ms="10803" status="PASS">
          <reporter-output>
          </reporter-output>
        </test-method> <!-- intialDemo -->
      </class> <!-- org.rahulshettyacademy.ExtentReports.ExtentReportsDemo -->
    </test> <!-- Default test -->
  </suite> <!-- Default suite -->
</testng-results>
